<?xml version="1.0" encoding="UTF-8"?>
<!-- Generated by org.testng.reporters.JUnitReportReporter -->
<testsuite skipped="0" hostname="LTSG000726" name="cucumberOptions.TestNGTestRunner" tests="29" failures="0" timestamp="2022-02-22T16:58:49 SGT" time="376.898" errors="0">
  <testcase name="runScenario" time="12.786" classname="cucumberOptions.TestNGTestRunner"/>
  <system-out/>
  <testcase name="runScenario" time="12.101" classname="cucumberOptions.TestNGTestRunner"/>
  <system-out/>
  <testcase name="runScenario" time="10.730" classname="cucumberOptions.TestNGTestRunner"/>
  <system-out/>
  <testcase name="runScenario" time="11.420" classname="cucumberOptions.TestNGTestRunner"/>
  <system-out/>
  <testcase name="runScenario" time="10.275" classname="cucumberOptions.TestNGTestRunner"/>
  <system-out/>
  <testcase name="runScenario" time="10.179" classname="cucumberOptions.TestNGTestRunner"/>
  <system-out/>
  <testcase name="runScenario" time="19.200" classname="cucumberOptions.TestNGTestRunner"/>
  <system-out/>
  <testcase name="runScenario" time="16.426" classname="cucumberOptions.TestNGTestRunner"/>
  <system-out/>
  <testcase name="runScenario" time="9.947" classname="cucumberOptions.TestNGTestRunner"/>
  <system-out/>
  <testcase name="runScenario" time="10.860" classname="cucumberOptions.TestNGTestRunner"/>
  <system-out/>
  <testcase name="runScenario" time="9.872" classname="cucumberOptions.TestNGTestRunner"/>
  <system-out/>
  <testcase name="runScenario" time="11.159" classname="cucumberOptions.TestNGTestRunner"/>
  <system-out/>
  <testcase name="runScenario" time="13.462" classname="cucumberOptions.TestNGTestRunner"/>
  <system-out/>
  <testcase name="runScenario" time="12.262" classname="cucumberOptions.TestNGTestRunner"/>
  <system-out/>
  <testcase name="runScenario" time="13.188" classname="cucumberOptions.TestNGTestRunner"/>
  <system-out/>
  <testcase name="runScenario" time="12.946" classname="cucumberOptions.TestNGTestRunner"/>
  <system-out/>
  <testcase name="runScenario" time="13.778" classname="cucumberOptions.TestNGTestRunner"/>
  <system-out/>
  <testcase name="runScenario" time="11.781" classname="cucumberOptions.TestNGTestRunner"/>
  <system-out/>
  <testcase name="runScenario" time="11.609" classname="cucumberOptions.TestNGTestRunner"/>
  <system-out/>
  <testcase name="runScenario" time="14.355" classname="cucumberOptions.TestNGTestRunner"/>
  <system-out/>
  <testcase name="runScenario" time="19.183" classname="cucumberOptions.TestNGTestRunner"/>
  <system-out/>
  <testcase name="runScenario" time="10.770" classname="cucumberOptions.TestNGTestRunner"/>
  <system-out/>
  <testcase name="runScenario" time="12.420" classname="cucumberOptions.TestNGTestRunner"/>
  <system-out/>
  <testcase name="runScenario" time="21.249" classname="cucumberOptions.TestNGTestRunner"/>
  <system-out/>
  <testcase name="runScenario" time="14.728" classname="cucumberOptions.TestNGTestRunner"/>
  <system-out/>
  <testcase name="runScenario" time="10.588" classname="cucumberOptions.TestNGTestRunner"/>
  <system-out/>
  <testcase name="runScenario" time="13.414" classname="cucumberOptions.TestNGTestRunner"/>
  <system-out/>
  <testcase name="runScenario" time="14.736" classname="cucumberOptions.TestNGTestRunner"/>
  <system-out/>
  <testcase name="runScenario" time="11.474" classname="cucumberOptions.TestNGTestRunner"/>
  <system-out/>
</testsuite> <!-- cucumberOptions.TestNGTestRunner -->
